[debug] [2023-04-27T10:53:11.676Z] ----------------------------------------------------------------------
[debug] [2023-04-27T10:53:11.678Z] Command:       C:\Program Files\nodejs\node.exe C:\Users\callm\AppData\Roaming\npm\node_modules\firebase-tools\lib\bin\firebase.js init
[debug] [2023-04-27T10:53:11.679Z] CLI Version:   11.29.1
[debug] [2023-04-27T10:53:11.679Z] Platform:      win32
[debug] [2023-04-27T10:53:11.679Z] Node Version:  v16.18.0
[debug] [2023-04-27T10:53:11.680Z] Time:          Thu Apr 27 2023 18:53:11 GMT+0800 (Philippine Standard Time)
[debug] [2023-04-27T10:53:11.680Z] ----------------------------------------------------------------------
[debug] 
[debug] [2023-04-27T10:53:11.782Z] > command requires scopes: ["email","openid","https://www.googleapis.com/auth/cloudplatformprojects.readonly","https://www.googleapis.com/auth/firebase","https://www.googleapis.com/auth/cloud-platform"]
[debug] [2023-04-27T10:53:11.782Z] > authorizing via signed-in user (j.ungsod019@gmail.com)
[info] 
     ######## #### ########  ######## ########     ###     ######  ########
     ##        ##  ##     ## ##       ##     ##  ##   ##  ##       ##
     ######    ##  ########  ######   ########  #########  ######  ######
     ##        ##  ##    ##  ##       ##     ## ##     ##       ## ##
     ##       #### ##     ## ######## ########  ##     ##  ######  ########

You're about to initialize a Firebase project in this directory:

  C:\xampp\htdocs\shoes-inventory-management-system

Before we get started, keep in mind:

  * You are currently outside your home directory
  * You are initializing within an existing Firebase project directory

